# Default boot entry
default = 0

# Global variables for all boot entries
ethaddr = 00:11:22:33:44:55
nwhwnet = device:eth0,hwaddr:$ethaddr
bootcmd = run bm_bootcmd
bm_bootcmd = fatload usb 0:1 0x88000000 $bm_kernel; setenv bootargs "$std_bootargs root=$bm_rootfs $bm_xargs"; bootm 0x88000000
std_bootargs = "console=ttyAS0,115200 init=/bin/devinit rw nwhwconf=$nwhwnet coprocessor_mem=4m@0x40000000,4m@0x40400000 printk=1 console_loglevel=7"

[enigma2]
bm_kernel = uImage
bm_rootfs = /dev/sda1/root.img
bm_xargs  = "rootfstype=ext3 rootdelay=3"

[Neutrino]
bm_kernel = uImage
bm_rootfs = /dev/sda2/root.img
bm_xargs  = "rootfstype=jffs2 rootdelay=3"

[Titan]
bm_kernel = uImage-2.6.123
bm_rootfs = /dev/sda1/root.img
bm_xargs  = rootdelay=3

